{"/Users/iidowu/Desktop/Capstone Project/site-capstone-volunteerverse/volunteerverse-api/src/config.ts": {"path":"/Users/iidowu/Desktop/Capstone Project/site-capstone-volunteerverse/volunteerverse-api/src/config.ts","statementMap":{"0":{"start":{"line":1,"column":0},"end":{"line":1,"column":27}},"1":{"start":{"line":3,"column":13},"end":{"line":3,"column":71}},"2":{"start":{"line":4,"column":13},"end":{"line":4,"column":61}},"3":{"start":{"line":5,"column":13},"end":{"line":5,"column":37}},"4":{"start":{"line":8,"column":19},"end":{"line":8,"column":58}},"5":{"start":{"line":9,"column":19},"end":{"line":9,"column":96}},"6":{"start":{"line":10,"column":19},"end":{"line":10,"column":59}},"7":{"start":{"line":11,"column":19},"end":{"line":11,"column":52}},"8":{"start":{"line":12,"column":23},"end":{"line":12,"column":68}},"9":{"start":{"line":13,"column":4},"end":{"line":13,"column":null}},"10":{"start":{"line":7,"column":0},"end":{"line":7,"column":16}}},"fnMap":{"0":{"name":"getDatabaseURI","decl":{"start":{"line":7,"column":16},"end":{"line":7,"column":30}},"loc":{"start":{"line":7,"column":30},"end":{"line":14,"column":1}}}},"branchMap":{"0":{"loc":{"start":{"line":3,"column":20},"end":{"line":3,"column":70}},"type":"cond-expr","locations":[{"start":{"line":3,"column":39},"end":{"line":3,"column":63}},{"start":{"line":3,"column":66},"end":{"line":3,"column":70}}]},"1":{"loc":{"start":{"line":4,"column":26},"end":{"line":4,"column":60}},"type":"binary-expr","locations":[{"start":{"line":4,"column":26},"end":{"line":4,"column":48}},{"start":{"line":4,"column":52},"end":{"line":4,"column":60}}]},"2":{"loc":{"start":{"line":8,"column":19},"end":{"line":8,"column":58}},"type":"binary-expr","locations":[{"start":{"line":8,"column":19},"end":{"line":8,"column":44}},{"start":{"line":8,"column":48},"end":{"line":8,"column":58}}]},"3":{"loc":{"start":{"line":9,"column":19},"end":{"line":9,"column":96}},"type":"cond-expr","locations":[{"start":{"line":9,"column":47},"end":{"line":9,"column":83}},{"start":{"line":9,"column":86},"end":{"line":9,"column":96}}]},"4":{"loc":{"start":{"line":10,"column":19},"end":{"line":10,"column":59}},"type":"binary-expr","locations":[{"start":{"line":10,"column":19},"end":{"line":10,"column":44}},{"start":{"line":10,"column":48},"end":{"line":10,"column":59}}]},"5":{"loc":{"start":{"line":11,"column":19},"end":{"line":11,"column":52}},"type":"binary-expr","locations":[{"start":{"line":11,"column":19},"end":{"line":11,"column":44}},{"start":{"line":11,"column":48},"end":{"line":11,"column":52}}]},"6":{"loc":{"start":{"line":12,"column":23},"end":{"line":12,"column":68}},"type":"binary-expr","locations":[{"start":{"line":12,"column":23},"end":{"line":12,"column":48}},{"start":{"line":12,"column":52},"end":{"line":12,"column":68}}]},"7":{"loc":{"start":{"line":13,"column":11},"end":{"line":13,"column":107}},"type":"binary-expr","locations":[{"start":{"line":13,"column":11},"end":{"line":13,"column":35}},{"start":{"line":13,"column":39},"end":{"line":13,"column":107}}]}},"s":{"0":1,"1":1,"2":1,"3":1,"4":1,"5":1,"6":1,"7":1,"8":1,"9":1,"10":1},"f":{"0":1},"b":{"0":[0,1],"1":[1,1],"2":[1,1],"3":[0,1],"4":[1,1],"5":[1,1],"6":[1,1],"7":[1,1]}}
,"/Users/iidowu/Desktop/Capstone Project/site-capstone-volunteerverse/volunteerverse-api/src/db.ts": {"path":"/Users/iidowu/Desktop/Capstone Project/site-capstone-volunteerverse/volunteerverse-api/src/db.ts","statementMap":{"0":{"start":{"line":1,"column":0},"end":{"line":1,"column":24}},"1":{"start":{"line":2,"column":0},"end":{"line":2,"column":42}},"2":{"start":{"line":4,"column":11},"end":{"line":6,"column":2}},"3":{"start":{"line":8,"column":0},"end":{"line":14,"column":3}},"4":{"start":{"line":9,"column":2},"end":{"line":13,"column":null}},"5":{"start":{"line":10,"column":4},"end":{"line":10,"column":49}},"6":{"start":{"line":12,"column":4},"end":{"line":12,"column":64}},"7":{"start":{"line":16,"column":0},"end":{"line":16,"column":null}}},"fnMap":{"0":{"name":"(anonymous_0)","decl":{"start":{"line":8,"column":11},"end":{"line":8,"column":12}},"loc":{"start":{"line":8,"column":35},"end":{"line":14,"column":1}}}},"branchMap":{"0":{"loc":{"start":{"line":9,"column":2},"end":{"line":13,"column":null}},"type":"if","locations":[{"start":{"line":9,"column":2},"end":{"line":13,"column":null}},{"start":{"line":11,"column":9},"end":{"line":13,"column":null}}]}},"s":{"0":1,"1":1,"2":1,"3":1,"4":0,"5":0,"6":0,"7":1},"f":{"0":0},"b":{"0":[0,0]}}
,"/Users/iidowu/Desktop/Capstone Project/site-capstone-volunteerverse/volunteerverse-api/src/models/organization.ts": {"path":"/Users/iidowu/Desktop/Capstone Project/site-capstone-volunteerverse/volunteerverse-api/src/models/organization.ts","statementMap":{"0":{"start":{"line":1,"column":0},"end":{"line":1,"column":22}},"1":{"start":{"line":2,"column":0},"end":{"line":2,"column":27}},"2":{"start":{"line":3,"column":0},"end":{"line":3,"column":63}},"3":{"start":{"line":5,"column":0},"end":{"line":5,"column":46}},"4":{"start":{"line":50,"column":108},"end":{"line":50,"column":113}},"5":{"start":{"line":52,"column":41},"end":{"line":52,"column":104}},"6":{"start":{"line":53,"column":4},"end":{"line":55,"column":null}},"7":{"start":{"line":54,"column":6},"end":{"line":54,"column":74}},"8":{"start":{"line":57,"column":16},"end":{"line":57,"column":57}},"9":{"start":{"line":58,"column":26},"end":{"line":58,"column":59}},"10":{"start":{"line":59,"column":30},"end":{"line":59,"column":62}},"11":{"start":{"line":61,"column":22},"end":{"line":76,"column":91}},"12":{"start":{"line":79,"column":23},"end":{"line":92,"column":57}},"13":{"start":{"line":101,"column":4},"end":{"line":101,"column":29}},"14":{"start":{"line":111,"column":23},"end":{"line":125,"column":null}},"15":{"start":{"line":127,"column":4},"end":{"line":127,"column":39}},"16":{"start":{"line":129,"column":24},"end":{"line":136,"column":null}},"17":{"start":{"line":139,"column":4},"end":{"line":139,"column":null}},"18":{"start":{"line":141,"column":4},"end":{"line":143,"column":null}},"19":{"start":{"line":142,"column":6},"end":{"line":142,"column":null}},"20":{"start":{"line":152,"column":4},"end":{"line":154,"column":null}},"21":{"start":{"line":153,"column":6},"end":{"line":153,"column":null}},"22":{"start":{"line":155,"column":4},"end":{"line":155,"column":null}},"23":{"start":{"line":161,"column":19},"end":{"line":171,"column":null}},"24":{"start":{"line":174,"column":7},"end":{"line":176,"column":null}},"25":{"start":{"line":175,"column":8},"end":{"line":175,"column":null}},"26":{"start":{"line":177,"column":3},"end":{"line":177,"column":null}},"27":{"start":{"line":7,"column":0},"end":{"line":7,"column":13}}},"fnMap":{"0":{"name":"(anonymous_1)","decl":{"start":{"line":49,"column":2},"end":{"line":49,"column":8}},"loc":{"start":{"line":49,"column":29},"end":{"line":104,"column":3}}},"1":{"name":"(anonymous_2)","decl":{"start":{"line":108,"column":2},"end":{"line":108,"column":8}},"loc":{"start":{"line":108,"column":57},"end":{"line":156,"column":3}}},"2":{"name":"(anonymous_3)","decl":{"start":{"line":159,"column":2},"end":{"line":159,"column":8}},"loc":{"start":{"line":159,"column":53},"end":{"line":179,"column":3}}}},"branchMap":{"0":{"loc":{"start":{"line":53,"column":4},"end":{"line":55,"column":null}},"type":"if","locations":[{"start":{"line":53,"column":4},"end":{"line":55,"column":null}}]},"1":{"loc":{"start":{"line":141,"column":4},"end":{"line":143,"column":null}},"type":"if","locations":[{"start":{"line":141,"column":4},"end":{"line":143,"column":null}}]},"2":{"loc":{"start":{"line":152,"column":4},"end":{"line":154,"column":null}},"type":"if","locations":[{"start":{"line":152,"column":4},"end":{"line":154,"column":null}}]},"3":{"loc":{"start":{"line":174,"column":7},"end":{"line":176,"column":null}},"type":"if","locations":[{"start":{"line":174,"column":7},"end":{"line":176,"column":null}}]}},"s":{"0":1,"1":1,"2":1,"3":1,"4":0,"5":0,"6":0,"7":0,"8":0,"9":0,"10":0,"11":0,"12":0,"13":0,"14":1,"15":1,"16":1,"17":1,"18":1,"19":0,"20":1,"21":1,"22":0,"23":0,"24":0,"25":0,"26":0,"27":1},"f":{"0":0,"1":1,"2":0},"b":{"0":[0],"1":[0],"2":[1],"3":[0]}}
,"/Users/iidowu/Desktop/Capstone Project/site-capstone-volunteerverse/volunteerverse-api/src/utils/errors.ts": {"path":"/Users/iidowu/Desktop/Capstone Project/site-capstone-volunteerverse/volunteerverse-api/src/utils/errors.ts","statementMap":{"0":{"start":{"line":6,"column":4},"end":{"line":6,"column":12}},"1":{"start":{"line":7,"column":4},"end":{"line":7,"column":27}},"2":{"start":{"line":8,"column":4},"end":{"line":8,"column":25}},"3":{"start":{"line":1,"column":0},"end":{"line":1,"column":13}},"4":{"start":{"line":16,"column":4},"end":{"line":16,"column":null}},"5":{"start":{"line":14,"column":0},"end":{"line":14,"column":13}},"6":{"start":{"line":24,"column":4},"end":{"line":24,"column":null}},"7":{"start":{"line":22,"column":0},"end":{"line":22,"column":13}},"8":{"start":{"line":32,"column":4},"end":{"line":32,"column":null}},"9":{"start":{"line":30,"column":0},"end":{"line":30,"column":13}},"10":{"start":{"line":40,"column":4},"end":{"line":40,"column":null}},"11":{"start":{"line":38,"column":0},"end":{"line":38,"column":13}},"12":{"start":{"line":48,"column":6},"end":{"line":48,"column":null}},"13":{"start":{"line":46,"column":0},"end":{"line":46,"column":13}}},"fnMap":{"0":{"name":"(anonymous_0)","decl":{"start":{"line":5,"column":2},"end":{"line":5,"column":14}},"loc":{"start":{"line":5,"column":45},"end":{"line":9,"column":3}}},"1":{"name":"(anonymous_1)","decl":{"start":{"line":15,"column":2},"end":{"line":15,"column":14}},"loc":{"start":{"line":15,"column":37},"end":{"line":17,"column":3}}},"2":{"name":"(anonymous_2)","decl":{"start":{"line":23,"column":2},"end":{"line":23,"column":14}},"loc":{"start":{"line":23,"column":38},"end":{"line":25,"column":3}}},"3":{"name":"(anonymous_3)","decl":{"start":{"line":31,"column":2},"end":{"line":31,"column":14}},"loc":{"start":{"line":31,"column":35},"end":{"line":33,"column":3}}},"4":{"name":"(anonymous_4)","decl":{"start":{"line":39,"column":2},"end":{"line":39,"column":14}},"loc":{"start":{"line":39,"column":35},"end":{"line":41,"column":3}}},"5":{"name":"(anonymous_5)","decl":{"start":{"line":47,"column":4},"end":{"line":47,"column":16}},"loc":{"start":{"line":47,"column":48},"end":{"line":49,"column":5}}}},"branchMap":{"0":{"loc":{"start":{"line":15,"column":14},"end":{"line":15,"column":37}},"type":"default-arg","locations":[{"start":{"line":15,"column":24},"end":{"line":15,"column":37}}]},"1":{"loc":{"start":{"line":23,"column":14},"end":{"line":23,"column":38}},"type":"default-arg","locations":[{"start":{"line":23,"column":24},"end":{"line":23,"column":38}}]},"2":{"loc":{"start":{"line":31,"column":14},"end":{"line":31,"column":35}},"type":"default-arg","locations":[{"start":{"line":31,"column":24},"end":{"line":31,"column":35}}]},"3":{"loc":{"start":{"line":39,"column":14},"end":{"line":39,"column":35}},"type":"default-arg","locations":[{"start":{"line":39,"column":24},"end":{"line":39,"column":35}}]},"4":{"loc":{"start":{"line":47,"column":16},"end":{"line":47,"column":48}},"type":"default-arg","locations":[{"start":{"line":47,"column":26},"end":{"line":47,"column":48}}]}},"s":{"0":0,"1":0,"2":0,"3":1,"4":0,"5":1,"6":0,"7":1,"8":0,"9":1,"10":0,"11":1,"12":0,"13":1},"f":{"0":0,"1":0,"2":0,"3":0,"4":0,"5":0},"b":{"0":[0],"1":[0],"2":[0],"3":[0],"4":[0]}}
}
