{"/Users/mcristino/capstone/site-capstone-volunteerverse/volunteerverse-api/src/config.ts": {"path":"/Users/mcristino/capstone/site-capstone-volunteerverse/volunteerverse-api/src/config.ts","statementMap":{"0":{"start":{"line":1,"column":0},"end":{"line":1,"column":27}},"1":{"start":{"line":3,"column":13},"end":{"line":3,"column":71}},"2":{"start":{"line":4,"column":13},"end":{"line":4,"column":61}},"3":{"start":{"line":5,"column":13},"end":{"line":5,"column":37}},"4":{"start":{"line":8,"column":19},"end":{"line":8,"column":58}},"5":{"start":{"line":9,"column":19},"end":{"line":9,"column":96}},"6":{"start":{"line":10,"column":19},"end":{"line":10,"column":59}},"7":{"start":{"line":11,"column":19},"end":{"line":11,"column":52}},"8":{"start":{"line":12,"column":23},"end":{"line":12,"column":68}},"9":{"start":{"line":13,"column":4},"end":{"line":13,"column":null}},"10":{"start":{"line":7,"column":0},"end":{"line":7,"column":16}}},"fnMap":{"0":{"name":"getDatabaseURI","decl":{"start":{"line":7,"column":16},"end":{"line":7,"column":30}},"loc":{"start":{"line":7,"column":30},"end":{"line":14,"column":1}}}},"branchMap":{"0":{"loc":{"start":{"line":3,"column":20},"end":{"line":3,"column":70}},"type":"cond-expr","locations":[{"start":{"line":3,"column":39},"end":{"line":3,"column":63}},{"start":{"line":3,"column":66},"end":{"line":3,"column":70}}]},"1":{"loc":{"start":{"line":4,"column":26},"end":{"line":4,"column":60}},"type":"binary-expr","locations":[{"start":{"line":4,"column":26},"end":{"line":4,"column":48}},{"start":{"line":4,"column":52},"end":{"line":4,"column":60}}]},"2":{"loc":{"start":{"line":8,"column":19},"end":{"line":8,"column":58}},"type":"binary-expr","locations":[{"start":{"line":8,"column":19},"end":{"line":8,"column":44}},{"start":{"line":8,"column":48},"end":{"line":8,"column":58}}]},"3":{"loc":{"start":{"line":9,"column":19},"end":{"line":9,"column":96}},"type":"cond-expr","locations":[{"start":{"line":9,"column":47},"end":{"line":9,"column":83}},{"start":{"line":9,"column":86},"end":{"line":9,"column":96}}]},"4":{"loc":{"start":{"line":10,"column":19},"end":{"line":10,"column":59}},"type":"binary-expr","locations":[{"start":{"line":10,"column":19},"end":{"line":10,"column":44}},{"start":{"line":10,"column":48},"end":{"line":10,"column":59}}]},"5":{"loc":{"start":{"line":11,"column":19},"end":{"line":11,"column":52}},"type":"binary-expr","locations":[{"start":{"line":11,"column":19},"end":{"line":11,"column":44}},{"start":{"line":11,"column":48},"end":{"line":11,"column":52}}]},"6":{"loc":{"start":{"line":12,"column":23},"end":{"line":12,"column":68}},"type":"binary-expr","locations":[{"start":{"line":12,"column":23},"end":{"line":12,"column":48}},{"start":{"line":12,"column":52},"end":{"line":12,"column":68}}]},"7":{"loc":{"start":{"line":13,"column":11},"end":{"line":13,"column":107}},"type":"binary-expr","locations":[{"start":{"line":13,"column":11},"end":{"line":13,"column":35}},{"start":{"line":13,"column":39},"end":{"line":13,"column":107}}]}},"s":{"0":2,"1":2,"2":2,"3":2,"4":2,"5":2,"6":2,"7":2,"8":2,"9":2,"10":2},"f":{"0":2},"b":{"0":[2,0],"1":[2,0],"2":[2,0],"3":[2,0],"4":[2,0],"5":[2,0],"6":[2,0],"7":[2,2]}}
,"/Users/mcristino/capstone/site-capstone-volunteerverse/volunteerverse-api/src/db.ts": {"path":"/Users/mcristino/capstone/site-capstone-volunteerverse/volunteerverse-api/src/db.ts","statementMap":{"0":{"start":{"line":1,"column":0},"end":{"line":1,"column":24}},"1":{"start":{"line":2,"column":0},"end":{"line":2,"column":42}},"2":{"start":{"line":4,"column":11},"end":{"line":6,"column":2}},"3":{"start":{"line":11,"column":0},"end":{"line":18,"column":3}},"4":{"start":{"line":12,"column":2},"end":{"line":17,"column":null}},"5":{"start":{"line":13,"column":4},"end":{"line":13,"column":49}},"6":{"start":{"line":20,"column":0},"end":{"line":20,"column":null}}},"fnMap":{"0":{"name":"(anonymous_0)","decl":{"start":{"line":11,"column":11},"end":{"line":11,"column":12}},"loc":{"start":{"line":11,"column":35},"end":{"line":18,"column":1}}}},"branchMap":{"0":{"loc":{"start":{"line":12,"column":2},"end":{"line":17,"column":null}},"type":"if","locations":[{"start":{"line":12,"column":2},"end":{"line":17,"column":null}},{"start":{"line":14,"column":9},"end":{"line":17,"column":null}}]}},"s":{"0":2,"1":2,"2":2,"3":2,"4":1,"5":0,"6":2},"f":{"0":1},"b":{"0":[0,1]}}
,"/Users/mcristino/capstone/site-capstone-volunteerverse/volunteerverse-api/src/models/organization.ts": {"path":"/Users/mcristino/capstone/site-capstone-volunteerverse/volunteerverse-api/src/models/organization.ts","statementMap":{"0":{"start":{"line":1,"column":0},"end":{"line":1,"column":22}},"1":{"start":{"line":2,"column":0},"end":{"line":2,"column":27}},"2":{"start":{"line":3,"column":0},"end":{"line":3,"column":63}},"3":{"start":{"line":5,"column":0},"end":{"line":5,"column":46}},"4":{"start":{"line":50,"column":108},"end":{"line":50,"column":113}},"5":{"start":{"line":52,"column":41},"end":{"line":52,"column":104}},"6":{"start":{"line":53,"column":4},"end":{"line":55,"column":null}},"7":{"start":{"line":54,"column":6},"end":{"line":54,"column":74}},"8":{"start":{"line":57,"column":16},"end":{"line":57,"column":57}},"9":{"start":{"line":58,"column":26},"end":{"line":58,"column":59}},"10":{"start":{"line":59,"column":30},"end":{"line":59,"column":62}},"11":{"start":{"line":61,"column":22},"end":{"line":76,"column":91}},"12":{"start":{"line":79,"column":23},"end":{"line":92,"column":57}},"13":{"start":{"line":101,"column":4},"end":{"line":101,"column":29}},"14":{"start":{"line":111,"column":23},"end":{"line":125,"column":null}},"15":{"start":{"line":127,"column":4},"end":{"line":127,"column":39}},"16":{"start":{"line":129,"column":24},"end":{"line":136,"column":null}},"17":{"start":{"line":139,"column":4},"end":{"line":139,"column":null}},"18":{"start":{"line":141,"column":4},"end":{"line":143,"column":null}},"19":{"start":{"line":142,"column":6},"end":{"line":142,"column":null}},"20":{"start":{"line":152,"column":4},"end":{"line":154,"column":null}},"21":{"start":{"line":153,"column":6},"end":{"line":153,"column":null}},"22":{"start":{"line":155,"column":4},"end":{"line":155,"column":null}},"23":{"start":{"line":161,"column":19},"end":{"line":171,"column":null}},"24":{"start":{"line":174,"column":7},"end":{"line":176,"column":null}},"25":{"start":{"line":175,"column":8},"end":{"line":175,"column":null}},"26":{"start":{"line":177,"column":3},"end":{"line":177,"column":null}},"27":{"start":{"line":7,"column":0},"end":{"line":7,"column":13}}},"fnMap":{"0":{"name":"(anonymous_1)","decl":{"start":{"line":49,"column":2},"end":{"line":49,"column":8}},"loc":{"start":{"line":49,"column":29},"end":{"line":104,"column":3}}},"1":{"name":"(anonymous_2)","decl":{"start":{"line":108,"column":2},"end":{"line":108,"column":8}},"loc":{"start":{"line":108,"column":57},"end":{"line":156,"column":3}}},"2":{"name":"(anonymous_3)","decl":{"start":{"line":159,"column":2},"end":{"line":159,"column":8}},"loc":{"start":{"line":159,"column":53},"end":{"line":179,"column":3}}}},"branchMap":{"0":{"loc":{"start":{"line":53,"column":4},"end":{"line":55,"column":null}},"type":"if","locations":[{"start":{"line":53,"column":4},"end":{"line":55,"column":null}}]},"1":{"loc":{"start":{"line":141,"column":4},"end":{"line":143,"column":null}},"type":"if","locations":[{"start":{"line":141,"column":4},"end":{"line":143,"column":null}}]},"2":{"loc":{"start":{"line":152,"column":4},"end":{"line":154,"column":null}},"type":"if","locations":[{"start":{"line":152,"column":4},"end":{"line":154,"column":null}}]},"3":{"loc":{"start":{"line":174,"column":7},"end":{"line":176,"column":null}},"type":"if","locations":[{"start":{"line":174,"column":7},"end":{"line":176,"column":null}}]}},"s":{"0":1,"1":1,"2":1,"3":1,"4":0,"5":0,"6":0,"7":0,"8":0,"9":0,"10":0,"11":0,"12":0,"13":0,"14":1,"15":1,"16":1,"17":1,"18":1,"19":0,"20":1,"21":1,"22":0,"23":0,"24":0,"25":0,"26":0,"27":1},"f":{"0":0,"1":1,"2":0},"b":{"0":[0],"1":[0],"2":[1],"3":[0]}}
,"/Users/mcristino/capstone/site-capstone-volunteerverse/volunteerverse-api/src/models/projects.ts": {"path":"/Users/mcristino/capstone/site-capstone-volunteerverse/volunteerverse-api/src/models/projects.ts","statementMap":{"0":{"start":{"line":2,"column":0},"end":{"line":2,"column":23}},"1":{"start":{"line":3,"column":0},"end":{"line":3,"column":51}},"2":{"start":{"line":4,"column":0},"end":{"line":4,"column":65}},"3":{"start":{"line":19,"column":25},"end":{"line":19,"column":77}},"4":{"start":{"line":20,"column":4},"end":{"line":28,"column":null}},"5":{"start":{"line":21,"column":6},"end":{"line":25,"column":9}},"6":{"start":{"line":27,"column":6},"end":{"line":27,"column":18}},"7":{"start":{"line":30,"column":18},"end":{"line":32,"column":21}},"8":{"start":{"line":33,"column":19},"end":{"line":40,"column":6}},"9":{"start":{"line":41,"column":19},"end":{"line":41,"column":33}},"10":{"start":{"line":43,"column":4},"end":{"line":45,"column":7}},"11":{"start":{"line":44,"column":6},"end":{"line":44,"column":30}},"12":{"start":{"line":47,"column":4},"end":{"line":47,"column":26}},"13":{"start":{"line":68,"column":18},"end":{"line":68,"column":93}},"14":{"start":{"line":69,"column":4},"end":{"line":69,"column":37}},"15":{"start":{"line":78,"column":18},"end":{"line":78,"column":54}},"16":{"start":{"line":79,"column":19},"end":{"line":79,"column":53}},"17":{"start":{"line":81,"column":4},"end":{"line":83,"column":null}},"18":{"start":{"line":82,"column":6},"end":{"line":82,"column":28}},"19":{"start":{"line":85,"column":4},"end":{"line":85,"column":49}},"20":{"start":{"line":89,"column":18},"end":{"line":89,"column":73}},"21":{"start":{"line":90,"column":19},"end":{"line":90,"column":47}},"22":{"start":{"line":93,"column":4},"end":{"line":93,"column":null}},"23":{"start":{"line":95,"column":4},"end":{"line":102,"column":null}},"24":{"start":{"line":97,"column":6},"end":{"line":97,"column":null}},"25":{"start":{"line":99,"column":27},"end":{"line":99,"column":72}},"26":{"start":{"line":99,"column":57},"end":{"line":99,"column":71}},"27":{"start":{"line":100,"column":25},"end":{"line":100,"column":122}},"28":{"start":{"line":100,"column":81},"end":{"line":100,"column":120}},"29":{"start":{"line":101,"column":8},"end":{"line":101,"column":24}},"30":{"start":{"line":6,"column":0},"end":{"line":6,"column":13}}},"fnMap":{"0":{"name":"(anonymous_1)","decl":{"start":{"line":11,"column":2},"end":{"line":11,"column":8}},"loc":{"start":{"line":18,"column":3},"end":{"line":48,"column":3}}},"1":{"name":"(anonymous_2)","decl":{"start":{"line":43,"column":29},"end":{"line":43,"column":30}},"loc":{"start":{"line":43,"column":37},"end":{"line":45,"column":5}}},"2":{"name":"(anonymous_3)","decl":{"start":{"line":54,"column":2},"end":{"line":54,"column":8}},"loc":{"start":{"line":54,"column":49},"end":{"line":54,"column":53}}},"3":{"name":"(anonymous_4)","decl":{"start":{"line":60,"column":2},"end":{"line":60,"column":8}},"loc":{"start":{"line":60,"column":47},"end":{"line":60,"column":51}}},"4":{"name":"(anonymous_5)","decl":{"start":{"line":67,"column":2},"end":{"line":67,"column":8}},"loc":{"start":{"line":67,"column":48},"end":{"line":70,"column":3}}},"5":{"name":"(anonymous_6)","decl":{"start":{"line":77,"column":2},"end":{"line":77,"column":8}},"loc":{"start":{"line":77,"column":56},"end":{"line":86,"column":3}}},"6":{"name":"(anonymous_7)","decl":{"start":{"line":88,"column":2},"end":{"line":88,"column":8}},"loc":{"start":{"line":88,"column":45},"end":{"line":103,"column":3}}},"7":{"name":"(anonymous_8)","decl":{"start":{"line":99,"column":43},"end":{"line":99,"column":44}},"loc":{"start":{"line":99,"column":57},"end":{"line":99,"column":71}}},"8":{"name":"(anonymous_9)","decl":{"start":{"line":100,"column":58},"end":{"line":100,"column":59}},"loc":{"start":{"line":100,"column":81},"end":{"line":100,"column":120}}}},"branchMap":{"0":{"loc":{"start":{"line":37,"column":6},"end":{"line":37,"column":34}},"type":"binary-expr","locations":[{"start":{"line":37,"column":6},"end":{"line":37,"column":26}},{"start":{"line":37,"column":30},"end":{"line":37,"column":34}}]},"1":{"loc":{"start":{"line":81,"column":4},"end":{"line":83,"column":null}},"type":"if","locations":[{"start":{"line":81,"column":4},"end":{"line":83,"column":null}}]},"2":{"loc":{"start":{"line":95,"column":4},"end":{"line":102,"column":null}},"type":"if","locations":[{"start":{"line":95,"column":4},"end":{"line":102,"column":null}},{"start":{"line":98,"column":10},"end":{"line":102,"column":null}}]}},"s":{"0":1,"1":1,"2":1,"3":0,"4":0,"5":0,"6":0,"7":0,"8":0,"9":0,"10":0,"11":0,"12":0,"13":0,"14":0,"15":0,"16":0,"17":0,"18":0,"19":0,"20":0,"21":0,"22":0,"23":0,"24":0,"25":0,"26":0,"27":0,"28":0,"29":0,"30":1},"f":{"0":0,"1":0,"2":0,"3":0,"4":0,"5":0,"6":0,"7":0,"8":0},"b":{"0":[0,0],"1":[0],"2":[0,0]}}
,"/Users/mcristino/capstone/site-capstone-volunteerverse/volunteerverse-api/src/models/volunteer.ts": {"path":"/Users/mcristino/capstone/site-capstone-volunteerverse/volunteerverse-api/src/models/volunteer.ts","statementMap":{"0":{"start":{"line":1,"column":0},"end":{"line":1,"column":47}},"1":{"start":{"line":2,"column":0},"end":{"line":2,"column":23}},"2":{"start":{"line":3,"column":0},"end":{"line":3,"column":64}},"3":{"start":{"line":4,"column":0},"end":{"line":4,"column":51}},"4":{"start":{"line":5,"column":0},"end":{"line":5,"column":28}},"5":{"start":{"line":6,"column":0},"end":{"line":6,"column":38}},"6":{"start":{"line":23,"column":25},"end":{"line":31,"column":6}},"7":{"start":{"line":32,"column":4},"end":{"line":40,"column":null}},"8":{"start":{"line":33,"column":6},"end":{"line":37,"column":9}},"9":{"start":{"line":39,"column":6},"end":{"line":39,"column":18}},"10":{"start":{"line":42,"column":30},"end":{"line":43,"column":null}},"11":{"start":{"line":45,"column":4},"end":{"line":47,"column":null}},"12":{"start":{"line":46,"column":6},"end":{"line":46,"column":75}},"13":{"start":{"line":49,"column":27},"end":{"line":51,"column":null}},"14":{"start":{"line":53,"column":28},"end":{"line":53,"column":61}},"15":{"start":{"line":55,"column":18},"end":{"line":68,"column":43}},"16":{"start":{"line":70,"column":19},"end":{"line":76,"column":6}},"17":{"start":{"line":78,"column":62},"end":{"line":78,"column":76}},"18":{"start":{"line":80,"column":26},"end":{"line":81,"column":78}},"19":{"start":{"line":83,"column":27},"end":{"line":87,"column":6}},"20":{"start":{"line":89,"column":25},"end":{"line":89,"column":47}},"21":{"start":{"line":91,"column":4},"end":{"line":93,"column":7}},"22":{"start":{"line":92,"column":6},"end":{"line":92,"column":51}},"23":{"start":{"line":95,"column":4},"end":{"line":104,"column":6}},"24":{"start":{"line":112,"column":18},"end":{"line":112,"column":90}},"25":{"start":{"line":113,"column":19},"end":{"line":113,"column":66}},"26":{"start":{"line":122,"column":18},"end":{"line":122,"column":69}},"27":{"start":{"line":123,"column":19},"end":{"line":123,"column":49}},"28":{"start":{"line":124,"column":19},"end":{"line":124,"column":21}},"29":{"start":{"line":125,"column":4},"end":{"line":127,"column":null}},"30":{"start":{"line":126,"column":6},"end":{"line":126,"column":null}},"31":{"start":{"line":128,"column":4},"end":{"line":128,"column":null}},"32":{"start":{"line":138,"column":18},"end":{"line":138,"column":98}},"33":{"start":{"line":139,"column":19},"end":{"line":139,"column":49}},"34":{"start":{"line":140,"column":4},"end":{"line":142,"column":null}},"35":{"start":{"line":141,"column":6},"end":{"line":141,"column":null}},"36":{"start":{"line":152,"column":18},"end":{"line":152,"column":97}},"37":{"start":{"line":153,"column":19},"end":{"line":153,"column":49}},"38":{"start":{"line":155,"column":4},"end":{"line":157,"column":null}},"39":{"start":{"line":156,"column":6},"end":{"line":156,"column":20}},"40":{"start":{"line":158,"column":4},"end":{"line":158,"column":16}},"41":{"start":{"line":168,"column":18},"end":{"line":168,"column":59}},"42":{"start":{"line":169,"column":19},"end":{"line":169,"column":49}},"43":{"start":{"line":170,"column":22},"end":{"line":170,"column":36}},"44":{"start":{"line":171,"column":4},"end":{"line":173,"column":null}},"45":{"start":{"line":172,"column":6},"end":{"line":172,"column":23}},"46":{"start":{"line":174,"column":4},"end":{"line":174,"column":16}},"47":{"start":{"line":184,"column":18},"end":{"line":184,"column":151}},"48":{"start":{"line":185,"column":19},"end":{"line":185,"column":67}},"49":{"start":{"line":186,"column":4},"end":{"line":186,"column":null}},"50":{"start":{"line":191,"column":21},"end":{"line":191,"column":23}},"51":{"start":{"line":192,"column":28},"end":{"line":192,"column":60}},"52":{"start":{"line":193,"column":30},"end":{"line":197,"column":7}},"53":{"start":{"line":194,"column":26},"end":{"line":194,"column":64}},"54":{"start":{"line":195,"column":6},"end":{"line":195,"column":null}},"55":{"start":{"line":196,"column":6},"end":{"line":196,"column":null}},"56":{"start":{"line":196,"column":38},"end":{"line":196,"column":61}},"57":{"start":{"line":198,"column":4},"end":{"line":198,"column":null}},"58":{"start":{"line":8,"column":0},"end":{"line":8,"column":13}}},"fnMap":{"0":{"name":"(anonymous_1)","decl":{"start":{"line":13,"column":2},"end":{"line":13,"column":8}},"loc":{"start":{"line":22,"column":3},"end":{"line":105,"column":3}}},"1":{"name":"(anonymous_2)","decl":{"start":{"line":91,"column":33},"end":{"line":91,"column":34}},"loc":{"start":{"line":91,"column":43},"end":{"line":93,"column":5}}},"2":{"name":"(anonymous_3)","decl":{"start":{"line":111,"column":2},"end":{"line":111,"column":8}},"loc":{"start":{"line":111,"column":65},"end":{"line":114,"column":3}}},"3":{"name":"(anonymous_4)","decl":{"start":{"line":121,"column":2},"end":{"line":121,"column":8}},"loc":{"start":{"line":121,"column":42},"end":{"line":129,"column":3}}},"4":{"name":"(anonymous_5)","decl":{"start":{"line":125,"column":24},"end":{"line":125,"column":25}},"loc":{"start":{"line":125,"column":31},"end":{"line":127,"column":5}}},"5":{"name":"(anonymous_6)","decl":{"start":{"line":137,"column":2},"end":{"line":137,"column":8}},"loc":{"start":{"line":137,"column":50},"end":{"line":143,"column":3}}},"6":{"name":"(anonymous_7)","decl":{"start":{"line":151,"column":2},"end":{"line":151,"column":8}},"loc":{"start":{"line":151,"column":48},"end":{"line":159,"column":3}}},"7":{"name":"(anonymous_8)","decl":{"start":{"line":167,"column":2},"end":{"line":167,"column":8}},"loc":{"start":{"line":167,"column":50},"end":{"line":175,"column":3}}},"8":{"name":"(anonymous_9)","decl":{"start":{"line":183,"column":2},"end":{"line":183,"column":8}},"loc":{"start":{"line":183,"column":61},"end":{"line":187,"column":3}}},"9":{"name":"(anonymous_10)","decl":{"start":{"line":190,"column":2},"end":{"line":190,"column":8}},"loc":{"start":{"line":190,"column":52},"end":{"line":199,"column":3}}},"10":{"name":"(anonymous_11)","decl":{"start":{"line":193,"column":68},"end":{"line":193,"column":73}},"loc":{"start":{"line":193,"column":89},"end":{"line":197,"column":5}}},"11":{"name":"(anonymous_12)","decl":{"start":{"line":196,"column":26},"end":{"line":196,"column":27}},"loc":{"start":{"line":196,"column":37},"end":{"line":196,"column":61}}}},"branchMap":{"0":{"loc":{"start":{"line":45,"column":4},"end":{"line":47,"column":null}},"type":"if","locations":[{"start":{"line":45,"column":4},"end":{"line":47,"column":null}}]},"1":{"loc":{"start":{"line":75,"column":6},"end":{"line":75,"column":36}},"type":"binary-expr","locations":[{"start":{"line":75,"column":6},"end":{"line":75,"column":28}},{"start":{"line":75,"column":32},"end":{"line":75,"column":36}}]},"2":{"loc":{"start":{"line":140,"column":4},"end":{"line":142,"column":null}},"type":"if","locations":[{"start":{"line":140,"column":4},"end":{"line":142,"column":null}}]},"3":{"loc":{"start":{"line":155,"column":4},"end":{"line":157,"column":null}},"type":"if","locations":[{"start":{"line":155,"column":4},"end":{"line":157,"column":null}}]},"4":{"loc":{"start":{"line":171,"column":4},"end":{"line":173,"column":null}},"type":"if","locations":[{"start":{"line":171,"column":4},"end":{"line":173,"column":null}}]}},"s":{"0":1,"1":1,"2":1,"3":1,"4":1,"5":1,"6":3,"7":3,"8":3,"9":1,"10":2,"11":2,"12":1,"13":1,"14":1,"15":1,"16":1,"17":1,"18":1,"19":1,"20":1,"21":1,"22":1,"23":1,"24":2,"25":2,"26":0,"27":0,"28":0,"29":0,"30":0,"31":0,"32":0,"33":0,"34":0,"35":0,"36":0,"37":0,"38":0,"39":0,"40":0,"41":2,"42":2,"43":2,"44":2,"45":1,"46":1,"47":0,"48":0,"49":0,"50":0,"51":0,"52":0,"53":0,"54":0,"55":0,"56":0,"57":0,"58":1},"f":{"0":3,"1":1,"2":2,"3":0,"4":0,"5":0,"6":0,"7":2,"8":0,"9":0,"10":0,"11":0},"b":{"0":[1],"1":[1,1],"2":[0],"3":[0],"4":[1]}}
,"/Users/mcristino/capstone/site-capstone-volunteerverse/volunteerverse-api/src/utils/errors.ts": {"path":"/Users/mcristino/capstone/site-capstone-volunteerverse/volunteerverse-api/src/utils/errors.ts","statementMap":{"0":{"start":{"line":6,"column":4},"end":{"line":6,"column":12}},"1":{"start":{"line":7,"column":4},"end":{"line":7,"column":27}},"2":{"start":{"line":8,"column":4},"end":{"line":8,"column":25}},"3":{"start":{"line":1,"column":0},"end":{"line":1,"column":13}},"4":{"start":{"line":16,"column":4},"end":{"line":16,"column":null}},"5":{"start":{"line":14,"column":0},"end":{"line":14,"column":13}},"6":{"start":{"line":24,"column":4},"end":{"line":24,"column":null}},"7":{"start":{"line":22,"column":0},"end":{"line":22,"column":13}},"8":{"start":{"line":32,"column":4},"end":{"line":32,"column":null}},"9":{"start":{"line":30,"column":0},"end":{"line":30,"column":13}},"10":{"start":{"line":40,"column":4},"end":{"line":40,"column":null}},"11":{"start":{"line":38,"column":0},"end":{"line":38,"column":13}},"12":{"start":{"line":48,"column":6},"end":{"line":48,"column":null}},"13":{"start":{"line":46,"column":0},"end":{"line":46,"column":13}}},"fnMap":{"0":{"name":"(anonymous_0)","decl":{"start":{"line":5,"column":2},"end":{"line":5,"column":14}},"loc":{"start":{"line":5,"column":45},"end":{"line":9,"column":3}}},"1":{"name":"(anonymous_1)","decl":{"start":{"line":15,"column":2},"end":{"line":15,"column":14}},"loc":{"start":{"line":15,"column":37},"end":{"line":17,"column":3}}},"2":{"name":"(anonymous_2)","decl":{"start":{"line":23,"column":2},"end":{"line":23,"column":14}},"loc":{"start":{"line":23,"column":38},"end":{"line":25,"column":3}}},"3":{"name":"(anonymous_3)","decl":{"start":{"line":31,"column":2},"end":{"line":31,"column":14}},"loc":{"start":{"line":31,"column":35},"end":{"line":33,"column":3}}},"4":{"name":"(anonymous_4)","decl":{"start":{"line":39,"column":2},"end":{"line":39,"column":14}},"loc":{"start":{"line":39,"column":35},"end":{"line":41,"column":3}}},"5":{"name":"(anonymous_5)","decl":{"start":{"line":47,"column":4},"end":{"line":47,"column":16}},"loc":{"start":{"line":47,"column":48},"end":{"line":49,"column":5}}}},"branchMap":{"0":{"loc":{"start":{"line":15,"column":14},"end":{"line":15,"column":37}},"type":"default-arg","locations":[{"start":{"line":15,"column":24},"end":{"line":15,"column":37}}]},"1":{"loc":{"start":{"line":23,"column":14},"end":{"line":23,"column":38}},"type":"default-arg","locations":[{"start":{"line":23,"column":24},"end":{"line":23,"column":38}}]},"2":{"loc":{"start":{"line":31,"column":14},"end":{"line":31,"column":35}},"type":"default-arg","locations":[{"start":{"line":31,"column":24},"end":{"line":31,"column":35}}]},"3":{"loc":{"start":{"line":39,"column":14},"end":{"line":39,"column":35}},"type":"default-arg","locations":[{"start":{"line":39,"column":24},"end":{"line":39,"column":35}}]},"4":{"loc":{"start":{"line":47,"column":16},"end":{"line":47,"column":48}},"type":"default-arg","locations":[{"start":{"line":47,"column":26},"end":{"line":47,"column":48}}]}},"s":{"0":3,"1":3,"2":3,"3":2,"4":2,"5":2,"6":0,"7":2,"8":0,"9":2,"10":0,"11":2,"12":1,"13":2},"f":{"0":3,"1":2,"2":0,"3":0,"4":0,"5":1},"b":{"0":[0],"1":[0],"2":[0],"3":[0],"4":[0]}}
,"/Users/mcristino/capstone/site-capstone-volunteerverse/volunteerverse-api/src/utils/validate.ts": {"path":"/Users/mcristino/capstone/site-capstone-volunteerverse/volunteerverse-api/src/utils/validate.ts","statementMap":{"0":{"start":{"line":1,"column":0},"end":{"line":1,"column":52}},"1":{"start":{"line":3,"column":14},"end":{"line":4,"column":79}},"2":{"start":{"line":4,"column":2},"end":{"line":4,"column":79}},"3":{"start":{"line":24,"column":25},"end":{"line":24,"column":30}},"4":{"start":{"line":12,"column":23},"end":{"line":22,"column":1}},"5":{"start":{"line":14,"column":2},"end":{"line":14,"column":81}},"6":{"start":{"line":14,"column":12},"end":{"line":14,"column":81}},"7":{"start":{"line":15,"column":2},"end":{"line":21,"column":5}},"8":{"start":{"line":16,"column":4},"end":{"line":20,"column":null}},"9":{"start":{"line":17,"column":6},"end":{"line":19,"column":8}},"10":{"start":{"line":24,"column":9},"end":{"line":24,"column":23}}},"fnMap":{"0":{"name":"(anonymous_0)","decl":{"start":{"line":3,"column":14},"end":{"line":3,"column":15}},"loc":{"start":{"line":4,"column":2},"end":{"line":4,"column":79}}},"1":{"name":"(anonymous_1)","decl":{"start":{"line":12,"column":23},"end":{"line":12,"column":24}},"loc":{"start":{"line":12,"column":84},"end":{"line":22,"column":1}}},"2":{"name":"(anonymous_2)","decl":{"start":{"line":15,"column":19},"end":{"line":15,"column":20}},"loc":{"start":{"line":15,"column":28},"end":{"line":21,"column":3}}}},"branchMap":{"0":{"loc":{"start":{"line":4,"column":2},"end":{"line":4,"column":79}},"type":"binary-expr","locations":[{"start":{"line":4,"column":2},"end":{"line":4,"column":16}},{"start":{"line":4,"column":20},"end":{"line":4,"column":48}},{"start":{"line":4,"column":52},"end":{"line":4,"column":79}}]},"1":{"loc":{"start":{"line":14,"column":2},"end":{"line":14,"column":81}},"type":"if","locations":[{"start":{"line":14,"column":2},"end":{"line":14,"column":81}}]},"2":{"loc":{"start":{"line":16,"column":4},"end":{"line":20,"column":null}},"type":"if","locations":[{"start":{"line":16,"column":4},"end":{"line":20,"column":null}}]},"3":{"loc":{"start":{"line":18,"column":43},"end":{"line":18,"column":76}},"type":"cond-expr","locations":[{"start":{"line":18,"column":54},"end":{"line":18,"column":71}},{"start":{"line":18,"column":74},"end":{"line":18,"column":76}}]}},"s":{"0":1,"1":1,"2":16,"3":1,"4":1,"5":3,"6":0,"7":3,"8":16,"9":1,"10":1},"f":{"0":16,"1":3,"2":16},"b":{"0":[16,16,16],"1":[0],"2":[1],"3":[1,0]}}
}
