TN:
SF:src/config.ts
FN:7,getDatabaseURI
FNF:1
FNH:1
FNDA:2,getDatabaseURI
DA:1,2
DA:3,2
DA:4,2
DA:5,2
DA:7,2
DA:8,2
DA:9,2
DA:10,2
DA:11,2
DA:12,2
DA:13,2
LF:11
LH:11
BRDA:3,0,0,2
BRDA:3,0,1,0
BRDA:4,1,0,2
BRDA:4,1,1,0
BRDA:8,2,0,2
BRDA:8,2,1,0
BRDA:9,3,0,2
BRDA:9,3,1,0
BRDA:10,4,0,2
BRDA:10,4,1,0
BRDA:11,5,0,2
BRDA:11,5,1,0
BRDA:12,6,0,2
BRDA:12,6,1,0
BRDA:13,7,0,2
BRDA:13,7,1,2
BRF:16
BRH:9
end_of_record
TN:
SF:src/db.ts
FN:11,(anonymous_0)
FNF:1
FNH:1
FNDA:1,(anonymous_0)
DA:1,2
DA:2,2
DA:4,2
DA:11,2
DA:12,1
DA:13,0
DA:20,2
LF:7
LH:6
BRDA:12,0,0,0
BRDA:12,0,1,1
BRF:2
BRH:1
end_of_record
TN:
SF:src/models/organization.ts
FN:19,(anonymous_1)
FN:78,(anonymous_2)
FN:129,(anonymous_3)
FNF:3
FNH:2
FNDA:0,(anonymous_1)
FNDA:1,(anonymous_2)
FNDA:1,(anonymous_3)
DA:1,1
DA:2,1
DA:3,1
DA:5,1
DA:7,1
DA:20,0
DA:22,0
DA:23,0
DA:24,0
DA:27,0
DA:28,0
DA:29,0
DA:31,0
DA:49,0
DA:71,0
DA:81,1
DA:97,1
DA:99,1
DA:109,1
DA:111,1
DA:112,0
DA:122,1
DA:123,1
DA:125,0
DA:131,1
DA:144,1
DA:145,0
DA:147,1
LF:28
LH:15
BRDA:23,0,0,0
BRDA:111,1,0,0
BRDA:122,2,0,1
BRDA:144,3,0,0
BRF:4
BRH:1
end_of_record
TN:
SF:src/models/projects.ts
FN:11,(anonymous_1)
FN:43,(anonymous_2)
FN:54,(anonymous_3)
FN:60,(anonymous_4)
FN:67,(anonymous_5)
FN:77,(anonymous_6)
FN:88,(anonymous_7)
FN:99,(anonymous_8)
FN:100,(anonymous_9)
FNF:9
FNH:0
FNDA:0,(anonymous_1)
FNDA:0,(anonymous_2)
FNDA:0,(anonymous_3)
FNDA:0,(anonymous_4)
FNDA:0,(anonymous_5)
FNDA:0,(anonymous_6)
FNDA:0,(anonymous_7)
FNDA:0,(anonymous_8)
FNDA:0,(anonymous_9)
DA:2,1
DA:3,1
DA:4,1
DA:6,1
DA:19,0
DA:20,0
DA:21,0
DA:27,0
DA:30,0
DA:33,0
DA:41,0
DA:43,0
DA:44,0
DA:47,0
DA:68,0
DA:69,0
DA:78,0
DA:79,0
DA:81,0
DA:82,0
DA:85,0
DA:89,0
DA:90,0
DA:93,0
DA:95,0
DA:97,0
DA:99,0
DA:100,0
DA:101,0
LF:29
LH:4
BRDA:37,0,0,0
BRDA:37,0,1,0
BRDA:81,1,0,0
BRDA:95,2,0,0
BRDA:95,2,1,0
BRF:5
BRH:0
end_of_record
TN:
SF:src/models/volunteer.ts
FN:13,(anonymous_1)
FN:91,(anonymous_2)
FN:111,(anonymous_3)
FN:121,(anonymous_4)
FN:125,(anonymous_5)
FN:137,(anonymous_6)
FN:151,(anonymous_7)
FN:167,(anonymous_8)
FN:183,(anonymous_9)
FN:190,(anonymous_10)
FN:193,(anonymous_11)
FN:196,(anonymous_12)
FNF:12
FNH:4
FNDA:3,(anonymous_1)
FNDA:1,(anonymous_2)
FNDA:2,(anonymous_3)
FNDA:0,(anonymous_4)
FNDA:0,(anonymous_5)
FNDA:0,(anonymous_6)
FNDA:0,(anonymous_7)
FNDA:2,(anonymous_8)
FNDA:0,(anonymous_9)
FNDA:0,(anonymous_10)
FNDA:0,(anonymous_11)
FNDA:0,(anonymous_12)
DA:1,1
DA:2,1
DA:3,1
DA:4,1
DA:5,1
DA:6,1
DA:8,1
DA:23,3
DA:32,3
DA:33,3
DA:39,1
DA:42,2
DA:45,2
DA:46,1
DA:49,1
DA:53,1
DA:55,1
DA:70,1
DA:78,1
DA:80,1
DA:83,1
DA:89,1
DA:91,1
DA:92,1
DA:95,1
DA:112,2
DA:113,2
DA:122,0
DA:123,0
DA:124,0
DA:125,0
DA:126,0
DA:128,0
DA:138,0
DA:139,0
DA:140,0
DA:141,0
DA:152,0
DA:153,0
DA:155,0
DA:156,0
DA:158,0
DA:168,2
DA:169,2
DA:170,2
DA:171,2
DA:172,1
DA:174,1
DA:184,0
DA:185,0
DA:186,0
DA:191,0
DA:192,0
DA:193,0
DA:194,0
DA:195,0
DA:196,0
DA:198,0
LF:58
LH:33
BRDA:45,0,0,1
BRDA:75,1,0,1
BRDA:75,1,1,1
BRDA:140,2,0,0
BRDA:155,3,0,0
BRDA:171,4,0,1
BRF:6
BRH:4
end_of_record
TN:
SF:src/utils/errors.ts
FN:5,(anonymous_0)
FN:15,(anonymous_1)
FN:23,(anonymous_2)
FN:31,(anonymous_3)
FN:39,(anonymous_4)
FN:47,(anonymous_5)
FNF:6
FNH:3
FNDA:3,(anonymous_0)
FNDA:2,(anonymous_1)
FNDA:0,(anonymous_2)
FNDA:0,(anonymous_3)
FNDA:0,(anonymous_4)
FNDA:1,(anonymous_5)
DA:1,2
DA:6,3
DA:7,3
DA:8,3
DA:14,2
DA:16,2
DA:22,2
DA:24,0
DA:30,2
DA:32,0
DA:38,2
DA:40,0
DA:46,2
DA:48,1
LF:14
LH:11
BRDA:15,0,0,0
BRDA:23,1,0,0
BRDA:31,2,0,0
BRDA:39,3,0,0
BRDA:47,4,0,0
BRF:5
BRH:0
end_of_record
TN:
SF:src/utils/validate.ts
FN:3,(anonymous_0)
FN:12,(anonymous_1)
FN:15,(anonymous_2)
FNF:3
FNH:3
FNDA:16,(anonymous_0)
FNDA:3,(anonymous_1)
FNDA:16,(anonymous_2)
DA:1,1
DA:3,1
DA:4,16
DA:12,1
DA:14,3
DA:15,3
DA:16,16
DA:17,1
DA:24,1
LF:9
LH:9
BRDA:4,0,0,16
BRDA:4,0,1,16
BRDA:4,0,2,16
BRDA:14,1,0,0
BRDA:16,2,0,1
BRDA:18,3,0,1
BRDA:18,3,1,0
BRF:7
BRH:5
end_of_record
