TN:
SF:src/config.ts
FN:7,getDatabaseURI
FNF:1
FNH:1
FNDA:2,getDatabaseURI
DA:1,2
DA:3,2
DA:4,2
DA:5,2
DA:7,2
DA:8,2
DA:9,2
DA:10,2
DA:11,2
DA:12,2
DA:13,2
LF:11
LH:11
BRDA:3,0,0,0
BRDA:3,0,1,2
BRDA:4,1,0,2
BRDA:4,1,1,2
BRDA:8,2,0,2
BRDA:8,2,1,2
BRDA:9,3,0,0
BRDA:9,3,1,2
BRDA:10,4,0,2
BRDA:10,4,1,2
BRDA:11,5,0,2
BRDA:11,5,1,2
BRDA:12,6,0,2
BRDA:12,6,1,2
BRDA:13,7,0,2
BRDA:13,7,1,2
BRF:16
BRH:14
end_of_record
TN:
SF:src/db.ts
FN:11,(anonymous_0)
FNF:1
FNH:1
FNDA:1,(anonymous_0)
DA:1,2
DA:2,2
DA:4,2
DA:11,2
DA:12,1
DA:13,0
DA:20,2
LF:7
LH:6
BRDA:12,0,0,0
BRDA:12,0,1,1
BRF:2
BRH:1
end_of_record
TN:
SF:src/models/organization.ts
FN:26,(anonymous_8)
FN:136,(anonymous_9)
FN:148,(anonymous_10)
FN:206,(anonymous_11)
FN:231,(anonymous_12)
FN:246,(anonymous_13)
FN:288,(anonymous_14)
FN:341,(anonymous_15)
FN:365,(anonymous_16)
FN:392,(anonymous_17)
FNF:10
FNH:2
FNDA:3,(anonymous_8)
FNDA:0,(anonymous_9)
FNDA:1,(anonymous_10)
FNDA:0,(anonymous_11)
FNDA:0,(anonymous_12)
FNDA:0,(anonymous_13)
FNDA:0,(anonymous_14)
FNDA:0,(anonymous_15)
FNDA:0,(anonymous_16)
FNDA:0,(anonymous_17)
DA:1,2
DA:2,2
DA:3,2
DA:9,2
DA:10,2
DA:11,2
DA:15,2
DA:39,3
DA:49,3
DA:50,3
DA:56,1
DA:60,2
DA:61,2
DA:62,1
DA:65,1
DA:66,1
DA:67,1
DA:68,1
DA:104,1
DA:105,1
DA:107,1
DA:123,1
DA:125,1
DA:138,0
DA:145,0
DA:151,1
DA:168,1
DA:170,1
DA:180,1
DA:182,1
DA:183,1
DA:184,1
DA:186,0
DA:208,0
DA:212,0
DA:214,0
DA:218,0
DA:219,0
DA:225,0
DA:227,0
DA:232,0
DA:236,0
DA:237,0
DA:240,0
DA:242,0
DA:249,0
DA:252,0
DA:256,0
DA:258,0
DA:259,0
DA:265,0
DA:267,0
DA:268,0
DA:275,0
DA:277,0
DA:280,0
DA:283,0
DA:289,0
DA:293,0
DA:298,0
DA:299,0
DA:301,0
DA:303,0
DA:305,0
DA:306,0
DA:308,0
DA:309,0
DA:316,0
DA:317,0
DA:319,0
DA:321,0
DA:322,0
DA:324,0
DA:325,0
DA:332,0
DA:335,0
DA:342,0
DA:359,0
DA:360,0
DA:362,0
DA:366,0
DA:381,0
DA:382,0
DA:384,0
DA:385,0
DA:386,0
DA:387,0
DA:389,0
DA:393,0
DA:394,0
DA:395,0
DA:396,0
DA:397,0
DA:399,0
LF:94
LH:30
BRDA:61,0,0,1
BRDA:182,1,0,1
BRDA:218,2,0,0
BRDA:218,2,1,0
BRDA:236,3,0,0
BRDA:236,3,1,0
BRDA:258,4,0,0
BRDA:258,4,1,0
BRDA:265,5,0,0
BRDA:265,5,1,0
BRDA:267,6,0,0
BRDA:267,6,1,0
BRDA:306,7,0,0
BRDA:306,7,1,0
BRDA:319,8,0,0
BRDA:319,8,1,0
BRDA:322,9,0,0
BRDA:322,9,1,0
BRDA:359,10,0,0
BRDA:396,11,0,0
BRF:20
BRH:2
end_of_record
TN:
SF:src/models/projects.ts
FN:25,(anonymous_8)
FN:76,(anonymous_9)
FN:87,(anonymous_10)
FN:93,(anonymous_11)
FN:100,(anonymous_12)
FN:110,(anonymous_13)
FN:129,(anonymous_14)
FN:179,(anonymous_15)
FN:187,(anonymous_16)
FN:189,(anonymous_17)
FN:201,(anonymous_18)
FN:206,(anonymous_19)
FN:213,(anonymous_20)
FN:217,(anonymous_21)
FN:228,(anonymous_22)
FN:235,(anonymous_23)
FNF:16
FNH:0
FNDA:0,(anonymous_8)
FNDA:0,(anonymous_9)
FNDA:0,(anonymous_10)
FNDA:0,(anonymous_11)
FNDA:0,(anonymous_12)
FNDA:0,(anonymous_13)
FNDA:0,(anonymous_14)
FNDA:0,(anonymous_15)
FNDA:0,(anonymous_16)
FNDA:0,(anonymous_17)
FNDA:0,(anonymous_18)
FNDA:0,(anonymous_19)
FNDA:0,(anonymous_20)
FNDA:0,(anonymous_21)
FNDA:0,(anonymous_22)
FNDA:0,(anonymous_23)
DA:2,2
DA:3,2
DA:4,2
DA:5,2
DA:6,2
DA:20,2
DA:34,0
DA:42,0
DA:43,0
DA:44,0
DA:50,0
DA:52,0
DA:64,0
DA:73,0
DA:74,0
DA:76,0
DA:77,0
DA:80,0
DA:101,0
DA:102,0
DA:111,0
DA:112,0
DA:113,0
DA:115,0
DA:116,0
DA:117,0
DA:118,0
DA:121,0
DA:134,0
DA:135,0
DA:137,0
DA:147,0
DA:148,0
DA:150,0
DA:151,0
DA:167,0
DA:169,0
DA:174,0
DA:176,0
DA:180,0
DA:181,0
DA:183,0
DA:185,0
DA:187,0
DA:188,0
DA:190,0
DA:193,0
DA:202,0
DA:203,0
DA:204,0
DA:205,0
DA:206,0
DA:207,0
DA:209,0
DA:214,0
DA:215,0
DA:216,0
DA:217,0
DA:218,0
DA:220,0
DA:229,0
DA:230,0
DA:231,0
DA:232,0
DA:233,0
DA:234,0
DA:235,0
DA:236,0
DA:238,0
LF:69
LH:6
BRDA:68,0,0,0
BRDA:68,0,1,0
BRDA:137,1,0,0
BRDA:167,2,0,0
BRDA:183,3,0,0
BRDA:183,3,1,0
BRDA:205,4,0,0
BRDA:234,5,0,0
BRF:8
BRH:0
end_of_record
TN:
SF:src/models/volunteer.ts
FN:15,(anonymous_8)
FN:47,(anonymous_9)
FN:125,(anonymous_10)
FN:154,(anonymous_11)
FN:164,(anonymous_12)
FN:168,(anonymous_13)
FN:180,(anonymous_14)
FN:202,(anonymous_15)
FN:218,(anonymous_16)
FN:235,(anonymous_17)
FN:249,(anonymous_18)
FN:270,(anonymous_19)
FN:276,(anonymous_20)
FN:278,(anonymous_21)
FN:287,(anonymous_22)
FN:307,(anonymous_23)
FN:324,(anonymous_24)
FN:338,(anonymous_25)
FNF:18
FNH:4
FNDA:0,(anonymous_8)
FNDA:3,(anonymous_9)
FNDA:1,(anonymous_10)
FNDA:2,(anonymous_11)
FNDA:0,(anonymous_12)
FNDA:0,(anonymous_13)
FNDA:0,(anonymous_14)
FNDA:0,(anonymous_15)
FNDA:2,(anonymous_16)
FNDA:0,(anonymous_17)
FNDA:0,(anonymous_18)
FNDA:0,(anonymous_19)
FNDA:0,(anonymous_20)
FNDA:0,(anonymous_21)
FNDA:0,(anonymous_22)
FNDA:0,(anonymous_23)
FNDA:0,(anonymous_24)
FNDA:0,(anonymous_25)
DA:1,2
DA:2,2
DA:3,2
DA:4,2
DA:5,2
DA:6,2
DA:12,2
DA:23,0
DA:24,0
DA:26,0
DA:57,3
DA:66,3
DA:67,3
DA:73,1
DA:76,2
DA:79,2
DA:80,1
DA:83,1
DA:87,1
DA:89,1
DA:104,1
DA:112,1
DA:114,1
DA:117,1
DA:123,1
DA:125,1
DA:126,1
DA:128,1
DA:138,1
DA:155,2
DA:156,2
DA:165,0
DA:166,0
DA:167,0
DA:168,0
DA:169,0
DA:171,0
DA:182,0
DA:183,0
DA:185,0
DA:187,0
DA:189,0
DA:190,0
DA:193,0
DA:203,0
DA:204,0
DA:206,0
DA:207,0
DA:209,0
DA:219,2
DA:220,2
DA:221,2
DA:222,2
DA:223,1
DA:225,1
DA:236,0
DA:237,0
DA:238,0
DA:240,0
DA:246,0
DA:247,0
DA:251,0
DA:254,0
DA:255,0
DA:258,0
DA:261,0
DA:262,0
DA:272,0
DA:273,0
DA:275,0
DA:277,0
DA:278,0
DA:279,0
DA:285,0
DA:286,0
DA:287,0
DA:288,0
DA:289,0
DA:295,0
DA:308,0
DA:309,0
DA:310,0
DA:311,0
DA:313,0
DA:325,0
DA:326,0
DA:327,0
DA:328,0
DA:330,0
DA:339,0
DA:349,0
DA:351,0
DA:352,0
DA:353,0
DA:355,0
LF:95
LH:34
BRDA:79,0,0,1
BRDA:109,1,0,1
BRDA:109,1,1,1
BRDA:206,2,0,0
BRDA:222,3,0,1
BRDA:237,4,0,0
BRDA:254,5,0,0
BRDA:288,6,0,0
BRDA:310,7,0,0
BRDA:327,8,0,0
BRDA:352,9,0,0
BRF:11
BRH:4
end_of_record
TN:
SF:src/utils/errors.ts
FN:5,(anonymous_0)
FN:15,(anonymous_1)
FN:23,(anonymous_2)
FN:31,(anonymous_3)
FN:39,(anonymous_4)
FN:47,(anonymous_5)
FNF:6
FNH:3
FNDA:6,(anonymous_0)
FNDA:4,(anonymous_1)
FNDA:0,(anonymous_2)
FNDA:0,(anonymous_3)
FNDA:0,(anonymous_4)
FNDA:2,(anonymous_5)
DA:1,2
DA:6,6
DA:7,6
DA:8,6
DA:14,2
DA:16,4
DA:22,2
DA:24,0
DA:30,2
DA:32,0
DA:38,2
DA:40,0
DA:46,2
DA:48,2
LF:14
LH:11
BRDA:15,0,0,0
BRDA:23,1,0,0
BRDA:31,2,0,0
BRDA:39,3,0,0
BRDA:47,4,0,0
BRF:5
BRH:0
end_of_record
TN:
SF:src/utils/validate.ts
FN:3,(anonymous_0)
FN:12,(anonymous_1)
FN:15,(anonymous_2)
FNF:3
FNH:3
FNDA:34,(anonymous_0)
FNDA:6,(anonymous_1)
FNDA:34,(anonymous_2)
DA:1,2
DA:3,2
DA:4,34
DA:12,2
DA:14,6
DA:15,6
DA:16,34
DA:17,34
DA:18,2
DA:25,2
LF:10
LH:10
BRDA:4,0,0,34
BRDA:4,0,1,34
BRDA:4,0,2,34
BRDA:14,1,0,0
BRDA:17,2,0,2
BRDA:19,3,0,2
BRDA:19,3,1,0
BRF:7
BRH:5
end_of_record
